"D:\Tools\CLion 2019.3.4\bin\cmake\win\bin\cmake.exe" -DCMAKE_BUILD_TYPE=Debug -G "CodeBlocks - MinGW Makefiles" "C:\Users\user\Desktop\Учеба ин фактум\3 семестр\MEPhI_sem3_lab1"
-- The C compiler identification is GNU 8.2.0
-- The CXX compiler identification is GNU 8.2.0
-- Check for working C compiler: D:/Tools/MinGW/bin/gcc.exe
-- Check for working C compiler: D:/Tools/MinGW/bin/gcc.exe -- broken
CMake Error at D:/Tools/CLion 2019.3.4/bin/cmake/win/share/cmake-3.15/Modules/CMakeTestCCompiler.cmake:60 (message):
  The C compiler

    "D:/Tools/MinGW/bin/gcc.exe"

  is not able to compile a simple test program.

  It fails with the following output:

    Change Dir: C:/Users/user/Desktop/РЈС‡РµР±Р° РёРЅ С„Р°РєС‚СѓРј/3 СЃРµРјРµСЃС‚СЂ/MEPhI_sem3_lab1/cmake-build-debug/CMakeFiles/CMakeTmp
    
    Run Build Command(s):D:/Tools/MinGW/bin/mingw32-make.exe cmTC_d3cff/fast && D:/Tools/MinGW/bin/mingw32-make.exe -f CMakeFiles\cmTC_d3cff.dir\build.make CMakeFiles/cmTC_d3cff.dir/build
    mingw32-make.exe[1]: Entering directory 'C:/Users/user/Desktop/в•™СћС…СЃСЂ С€СЌ Р‡СЂСЉР„С”СЊ/3 С‘С…СЊС…С‘Р„РЃ/MEPhI_sem3_lab1/cmake-build-debug/CMakeFiles/CMakeTmp'
    Building C object CMakeFiles/cmTC_d3cff.dir/testCCompiler.c.obj
    D:\Tools\MinGW\bin\gcc.exe    -o CMakeFiles\cmTC_d3cff.dir\testCCompiler.c.obj   -c "C:\Users\user\Desktop\в•ЁРів•¤Р—в•Ёв•Ўв•Ёв–’в•Ёв–‘ в•Ёв••в•Ёв•њ в•¤Р”в•Ёв–‘в•Ёв•‘в•¤Р’в•¤Р“в•Ёв•ќ\3 в•¤Р‘в•Ёв•Ўв•Ёв•ќв•Ёв•Ўв•¤Р‘в•¤Р’в•¤Рђ\MEPhI_sem3_lab1\cmake-build-debug\CMakeFiles\CMakeTmp\testCCompiler.c"
    gcc.exe: error: C:\Users\user\Desktop\Р¶СѓTв•џР¶Р¶Р¶-Р¶- Р¶РјР¶- Tв”ЂР¶-Р¶Р¶Tв”¬Tв”њР¶-\3 Tв”ґР¶Р¶Р¶-Р¶Р¶Tв”ґTв”¬Tв””\MEPhI_sem3_lab1\cmake-build-debug\CMakeFiles\CMakeTmp\testCCompiler.c: No such file or directory
    gcc.exe: fatal error: no input files
    compilation terminated.
    CMakeFiles\cmTC_d3cff.dir\build.make:64: recipe for target 'CMakeFiles/cmTC_d3cff.dir/testCCompiler.c.obj' failed
    mingw32-make.exe[1]: *** [CMakeFiles/cmTC_d3cff.dir/testCCompiler.c.obj] Error 1
    mingw32-make.exe[1]: Leaving directory 'C:/Users/user/Desktop/в•™СћС…СЃСЂ С€СЌ Р‡СЂСЉР„С”СЊ/3 С‘С…СЊС…С‘Р„РЃ/MEPhI_sem3_lab1/cmake-build-debug/CMakeFiles/CMakeTmp'
    Makefile:120: recipe for target 'cmTC_d3cff/fast' failed
    mingw32-make.exe: *** [cmTC_d3cff/fast] Error 2
    
    

  

  CMake will not be able to correctly generate this project.
Call Stack (most recent call first):
  CMakeLists.txt:2 (project)


-- Configuring incomplete, errors occurred!
See also "C:/Users/user/Desktop/РЈС‡РµР±Р° РёРЅ С„Р°РєС‚СѓРј/3 СЃРµРјРµСЃС‚СЂ/MEPhI_sem3_lab1/cmake-build-debug/CMakeFiles/CMakeOutput.log".
See also "C:/Users/user/Desktop/РЈС‡РµР±Р° РёРЅ С„Р°РєС‚СѓРј/3 СЃРµРјРµСЃС‚СЂ/MEPhI_sem3_lab1/cmake-build-debug/CMakeFiles/CMakeError.log".
